[ 2017-08-10T09:18:35+08:00 ] ::1 /dsyyManage/Admin/User/edit.html
INFO: [ app_init ] --START--
INFO: Run Behavior\BuildLiteBehavior [ RunTime:0.000000s ]
INFO: [ app_init ] --END-- [ RunTime:0.181011s ]
INFO: [ app_begin ] --START--
INFO: Run Behavior\ReadHtmlCacheBehavior [ RunTime:0.080005s ]
INFO: [ app_begin ] --END-- [ RunTime:0.080005s ]
SQL: SHOW COLUMNS FROM `t_user_info` [ RunTime:0.1570s ]
NOTIC: [2] is_file(): open_basedir restriction in effect. File(/Common/error) is not within the allowed path(s): (D:\UPUPW_AP5.5\htdocs\;D:\UPUPW_AP5.5\memcached\;D:\UPUPW_AP5.5\phpmyadmin\;D:\UPUPW_AP5.5\temp\;C:\Windows\Temp&quot;) D:\UPUPW_AP5.5\htdocs\dsyyManage\ThinkPHP\Library\Think\View.class.php 第 143 行.
INFO: [ view_parse ] --START--
INFO: [ template_filter ] --START--
INFO: Run Behavior\ContentReplaceBehavior [ RunTime:0.004000s ]
INFO: [ template_filter ] --END-- [ RunTime:0.004000s ]
INFO: Run Behavior\ParseTemplateBehavior [ RunTime:0.114006s ]
INFO: [ view_parse ] --END-- [ RunTime:0.114006s ]
INFO: [ view_filter ] --START--
INFO: Run Behavior\WriteHtmlCacheBehavior [ RunTime:0.011001s ]
INFO: [ view_filter ] --END-- [ RunTime:0.011001s ]

[ 2017-08-10T09:18:42+08:00 ] ::1 /dsyyManage/Admin
INFO: [ app_init ] --START--
INFO: Run Behavior\BuildLiteBehavior [ RunTime:0.000000s ]
INFO: [ app_init ] --END-- [ RunTime:0.001000s ]
INFO: [ app_begin ] --START--
INFO: Run Behavior\ReadHtmlCacheBehavior [ RunTime:0.004001s ]
INFO: [ app_begin ] --END-- [ RunTime:0.005001s ]
SQL: SHOW COLUMNS FROM `t_user_info` [ RunTime:0.1650s ]
INFO: [ view_parse ] --START--
INFO: [ template_filter ] --START--
INFO: Run Behavior\ContentReplaceBehavior [ RunTime:0.000000s ]
INFO: [ template_filter ] --END-- [ RunTime:0.000000s ]
INFO: Run Behavior\ParseTemplateBehavior [ RunTime:0.045002s ]
INFO: [ view_parse ] --END-- [ RunTime:0.045002s ]
INFO: [ view_filter ] --START--
INFO: Run Behavior\WriteHtmlCacheBehavior [ RunTime:0.001000s ]
INFO: [ view_filter ] --END-- [ RunTime:0.001000s ]
INFO: [ app_end ] --START--
INFO: Run Behavior\ShowPageTraceBehavior [ RunTime:0.014001s ]
INFO: [ app_end ] --END-- [ RunTime:0.014001s ]

[ 2017-08-10T09:18:42+08:00 ] ::1 /dsyyManage/Admin/Verify/verify
INFO: [ app_init ] --START--
INFO: Run Behavior\BuildLiteBehavior [ RunTime:0.000000s ]
INFO: [ app_init ] --END-- [ RunTime:0.000000s ]
INFO: [ app_begin ] --START--
INFO: Run Behavior\ReadHtmlCacheBehavior [ RunTime:0.003000s ]
INFO: [ app_begin ] --END-- [ RunTime:0.003000s ]
INFO: [ app_end ] --START--
INFO: Run Behavior\ShowPageTraceBehavior [ RunTime:0.002000s ]
INFO: [ app_end ] --END-- [ RunTime:0.002000s ]

[ 2017-08-10T09:19:01+08:00 ] ::1 /dsyyManage/Admin/Login/login
INFO: [ app_init ] --START--
INFO: Run Behavior\BuildLiteBehavior [ RunTime:0.000000s ]
INFO: [ app_init ] --END-- [ RunTime:0.000000s ]
INFO: [ app_begin ] --START--
INFO: Run Behavior\ReadHtmlCacheBehavior [ RunTime:0.002000s ]
INFO: [ app_begin ] --END-- [ RunTime:0.002000s ]
SQL: SHOW COLUMNS FROM `t_user_info` [ RunTime:0.1270s ]
SQL: SHOW COLUMNS FROM `t_bar_user` [ RunTime:0.1350s ]
SQL: SELECT `id` FROM `t_user_info` WHERE `id` = 24 LIMIT 1   [ RunTime:0.1070s ]
SQL: SELECT `id` FROM `t_bar_user` WHERE `user_id` = 24 LIMIT 1   [ RunTime:0.1070s ]
SQL: SELECT `id`,`nick_name`,`avatar` FROM `t_user_info` WHERE `id` = 24 AND `passwd` = 'fded0c3849b2802a4a4d95cc786b0915' LIMIT 1   [ RunTime:0.1210s ]

[ 2017-08-10T09:19:02+08:00 ] ::1 /dsyyManage/Admin/Verify/verify
INFO: [ app_init ] --START--
INFO: Run Behavior\BuildLiteBehavior [ RunTime:0.000000s ]
INFO: [ app_init ] --END-- [ RunTime:0.000000s ]
INFO: [ app_begin ] --START--
INFO: Run Behavior\ReadHtmlCacheBehavior [ RunTime:0.004000s ]
INFO: [ app_begin ] --END-- [ RunTime:0.004000s ]
INFO: [ app_end ] --START--
INFO: Run Behavior\ShowPageTraceBehavior [ RunTime:0.004000s ]
INFO: [ app_end ] --END-- [ RunTime:0.005000s ]

[ 2017-08-10T09:19:04+08:00 ] ::1 /dsyyManage/Admin/Index/index
INFO: [ app_init ] --START--
INFO: Run Behavior\BuildLiteBehavior [ RunTime:0.000000s ]
INFO: [ app_init ] --END-- [ RunTime:0.000000s ]
INFO: [ app_begin ] --START--
INFO: Run Behavior\ReadHtmlCacheBehavior [ RunTime:0.002000s ]
INFO: [ app_begin ] --END-- [ RunTime:0.002000s ]
SQL: SHOW COLUMNS FROM `t_user_info` [ RunTime:0.1180s ]
SQL: SELECT `id` FROM `t_user_info` WHERE `id` = 24 LIMIT 1   [ RunTime:0.1390s ]
SQL: SHOW COLUMNS FROM `t_bar_info` [ RunTime:0.1690s ]
SQL: SHOW COLUMNS FROM `t_bar_info` [ RunTime:0.6530s ]
SQL: SELECT a.id,a.name FROM `t_bar_info` `a`,`t_bar_user` `b` WHERE b.user_id = '24' AND (  a.id=b.bar_id )  [ RunTime:0.1790s ]
NOTIC: [8] Use of undefined constant son - assumed 'son' D:\UPUPW_AP5.5\htdocs\dsyyManage\Application\Admin\Controller\CommonController.class.php 第 41 行.
NOTIC: [8] Use of undefined constant son - assumed 'son' D:\UPUPW_AP5.5\htdocs\dsyyManage\Application\Admin\Controller\CommonController.class.php 第 41 行.
NOTIC: [8] Use of undefined constant mysql_close - assumed 'mysql_close' D:\UPUPW_AP5.5\htdocs\dsyyManage\Application\Admin\Controller\IndexController.class.php 第 17 行.
INFO: [ view_parse ] --START--
INFO: [ template_filter ] --START--
INFO: Run Behavior\ContentReplaceBehavior [ RunTime:0.000000s ]
INFO: [ template_filter ] --END-- [ RunTime:0.001000s ]
NOTIC: [8] Use of undefined constant id - assumed 'id' D:\UPUPW_AP5.5\htdocs\dsyyManage\Application\Runtime\Cache\Admin\b595b808c2ebeeeb0478ffc30bb4e87a.php 第 57 行.
NOTIC: [8] Use of undefined constant id - assumed 'id' D:\UPUPW_AP5.5\htdocs\dsyyManage\Application\Runtime\Cache\Admin\b595b808c2ebeeeb0478ffc30bb4e87a.php 第 61 行.
NOTIC: [8] Use of undefined constant id - assumed 'id' D:\UPUPW_AP5.5\htdocs\dsyyManage\Application\Runtime\Cache\Admin\b595b808c2ebeeeb0478ffc30bb4e87a.php 第 57 行.
NOTIC: [8] Use of undefined constant id - assumed 'id' D:\UPUPW_AP5.5\htdocs\dsyyManage\Application\Runtime\Cache\Admin\b595b808c2ebeeeb0478ffc30bb4e87a.php 第 61 行.
NOTIC: [8] Undefined variable: company_row D:\UPUPW_AP5.5\htdocs\dsyyManage\Application\Runtime\Cache\Admin\b595b808c2ebeeeb0478ffc30bb4e87a.php 第 124 行.
NOTIC: [8] Undefined variable: company_row D:\UPUPW_AP5.5\htdocs\dsyyManage\Application\Runtime\Cache\Admin\b595b808c2ebeeeb0478ffc30bb4e87a.php 第 124 行.
INFO: Run Behavior\ParseTemplateBehavior [ RunTime:0.263015s ]
INFO: [ view_parse ] --END-- [ RunTime:0.263015s ]
INFO: [ view_filter ] --START--
INFO: Run Behavior\WriteHtmlCacheBehavior [ RunTime:0.003000s ]
INFO: [ view_filter ] --END-- [ RunTime:0.003000s ]
INFO: [ app_end ] --START--
INFO: Run Behavior\ShowPageTraceBehavior [ RunTime:0.003000s ]
INFO: [ app_end ] --END-- [ RunTime:0.003000s ]

[ 2017-08-10T09:19:10+08:00 ] ::1 /dsyyManage/Admin/Statistics/index/bar_id/2.html
INFO: [ app_init ] --START--
INFO: Run Behavior\BuildLiteBehavior [ RunTime:0.000000s ]
INFO: [ app_init ] --END-- [ RunTime:0.000000s ]
INFO: [ app_begin ] --START--
INFO: Run Behavior\ReadHtmlCacheBehavior [ RunTime:0.002001s ]
INFO: [ app_begin ] --END-- [ RunTime:0.002001s ]
SQL: SHOW COLUMNS FROM `t_user_info` [ RunTime:0.0800s ]
SQL: SELECT `id` FROM `t_user_info` WHERE `id` = 24 LIMIT 1   [ RunTime:0.1010s ]
SQL: SHOW COLUMNS FROM `t_bar_info` [ RunTime:0.0910s ]
SQL: SHOW COLUMNS FROM `t_bar_info` [ RunTime:0.1620s ]
SQL: SELECT a.id,a.name FROM `t_bar_info` `a`,`t_bar_user` `b` WHERE b.user_id = '24' AND (  a.id=b.bar_id )  [ RunTime:0.1580s ]
NOTIC: [8] Use of undefined constant son - assumed 'son' D:\UPUPW_AP5.5\htdocs\dsyyManage\Application\Admin\Controller\CommonController.class.php 第 41 行.
NOTIC: [8] Use of undefined constant son - assumed 'son' D:\UPUPW_AP5.5\htdocs\dsyyManage\Application\Admin\Controller\CommonController.class.php 第 41 行.
SQL: SHOW COLUMNS FROM `t_book_obj` [ RunTime:0.1020s ]
SQL: SELECT `id`,`name` FROM `t_bar_info` WHERE `id` = 2 LIMIT 1   [ RunTime:0.0970s ]
SQL: SELECT COUNT(*) AS tp_count FROM `t_book_obj` WHERE `owner_id` = 2 LIMIT 1   [ RunTime:0.1070s ]
SQL: SELECT COUNT(*) AS tp_count FROM `t_book_obj` WHERE `owner_id` = 2 AND `status` = 1 LIMIT 1   [ RunTime:0.1220s ]
INFO: [ view_parse ] --START--
INFO: [ template_filter ] --START--
INFO: Run Behavior\ContentReplaceBehavior [ RunTime:0.000000s ]
INFO: [ template_filter ] --END-- [ RunTime:0.000000s ]
NOTIC: [8] Use of undefined constant id - assumed 'id' D:\UPUPW_AP5.5\htdocs\dsyyManage\Application\Runtime\Cache\Admin\f6a89a7172fea4c457df44421924fe2c.php 第 119 行.
NOTIC: [8] Use of undefined constant id - assumed 'id' D:\UPUPW_AP5.5\htdocs\dsyyManage\Application\Runtime\Cache\Admin\f6a89a7172fea4c457df44421924fe2c.php 第 123 行.
NOTIC: [8] Use of undefined constant id - assumed 'id' D:\UPUPW_AP5.5\htdocs\dsyyManage\Application\Runtime\Cache\Admin\f6a89a7172fea4c457df44421924fe2c.php 第 119 行.
NOTIC: [8] Use of undefined constant id - assumed 'id' D:\UPUPW_AP5.5\htdocs\dsyyManage\Application\Runtime\Cache\Admin\f6a89a7172fea4c457df44421924fe2c.php 第 123 行.
NOTIC: [8] Undefined variable: company_row D:\UPUPW_AP5.5\htdocs\dsyyManage\Application\Runtime\Cache\Admin\f6a89a7172fea4c457df44421924fe2c.php 第 200 行.
NOTIC: [8] Undefined variable: company_row D:\UPUPW_AP5.5\htdocs\dsyyManage\Application\Runtime\Cache\Admin\f6a89a7172fea4c457df44421924fe2c.php 第 200 行.
INFO: Run Behavior\ParseTemplateBehavior [ RunTime:0.045003s ]
INFO: [ view_parse ] --END-- [ RunTime:0.045003s ]
INFO: [ view_filter ] --START--
INFO: Run Behavior\WriteHtmlCacheBehavior [ RunTime:0.003000s ]
INFO: [ view_filter ] --END-- [ RunTime:0.003000s ]
INFO: [ app_end ] --START--
INFO: Run Behavior\ShowPageTraceBehavior [ RunTime:0.002000s ]
INFO: [ app_end ] --END-- [ RunTime:0.002000s ]

[ 2017-08-10T09:19:19+08:00 ] ::1 /dsyyManage/Admin/Statistics/data
INFO: [ app_init ] --START--
INFO: Run Behavior\BuildLiteBehavior [ RunTime:0.000000s ]
INFO: [ app_init ] --END-- [ RunTime:0.001000s ]
INFO: [ app_begin ] --START--
INFO: Run Behavior\ReadHtmlCacheBehavior [ RunTime:0.003000s ]
INFO: [ app_begin ] --END-- [ RunTime:0.003000s ]
SQL: SHOW COLUMNS FROM `t_user_info` [ RunTime:0.0750s ]
SQL: SELECT `id` FROM `t_user_info` WHERE `id` = 24 LIMIT 1   [ RunTime:0.0640s ]
SQL: SHOW COLUMNS FROM `t_bar_info` [ RunTime:0.0640s ]
SQL: SHOW COLUMNS FROM `t_bar_info` [ RunTime:0.0680s ]
SQL: SELECT a.id,a.name FROM `t_bar_info` `a`,`t_bar_user` `b` WHERE b.user_id = '24' AND (  a.id=b.bar_id )  [ RunTime:0.0870s ]
NOTIC: [8] Use of undefined constant son - assumed 'son' D:\UPUPW_AP5.5\htdocs\dsyyManage\Application\Admin\Controller\CommonController.class.php 第 41 行.
NOTIC: [8] Use of undefined constant son - assumed 'son' D:\UPUPW_AP5.5\htdocs\dsyyManage\Application\Admin\Controller\CommonController.class.php 第 41 行.
SQL: SHOW COLUMNS FROM `t_book_obj` [ RunTime:0.0820s ]
SQL: SHOW COLUMNS FROM `t_book_obj` [ RunTime:0.1230s ]
SQL: SELECT COUNT(*) AS tp_count FROM `t_book_obj` WHERE `owner_id` = 2 AND `create_time` <= '2017-08-02' LIMIT 1   [ RunTime:0.0650s ]
SQL: SHOW COLUMNS FROM `t_book_obj` [ RunTime:0.0640s ]
SQL: SELECT COUNT(*) AS tp_count FROM `t_book_obj` `a`,`t_borrow_info` `b` WHERE a.owner_id = '2' AND b.borrow_time BETWEEN '2017-08-01 00:00:00' AND '2017-08-02' AND (  a.id=b.book_obj_id ) LIMIT 1   [ RunTime:0.0740s ]
SQL: SHOW COLUMNS FROM `t_book_obj` [ RunTime:0.0650s ]
SQL: SELECT COUNT(*) AS tp_count FROM `t_book_obj` `a`,`t_borrow_info` `b` WHERE a.owner_id = '2' AND b.return_time BETWEEN '2017-08-01 00:00:00' AND '2017-08-02' AND (  a.id=b.book_obj_id ) LIMIT 1   [ RunTime:0.1100s ]
SQL: SELECT COUNT(*) AS tp_count FROM `t_book_obj` WHERE `owner_id` = 2 AND `create_time` <= '2017-08-03' LIMIT 1   [ RunTime:0.1390s ]
SQL: SHOW COLUMNS FROM `t_book_obj` [ RunTime:0.1480s ]
SQL: SELECT COUNT(*) AS tp_count FROM `t_book_obj` `a`,`t_borrow_info` `b` WHERE a.owner_id = '2' AND b.borrow_time BETWEEN '2017-08-01 00:00:00' AND '2017-08-03' AND (  a.id=b.book_obj_id ) LIMIT 1   [ RunTime:0.1700s ]
SQL: SHOW COLUMNS FROM `t_book_obj` [ RunTime:0.1230s ]
SQL: SELECT COUNT(*) AS tp_count FROM `t_book_obj` `a`,`t_borrow_info` `b` WHERE a.owner_id = '2' AND b.return_time BETWEEN '2017-08-01 00:00:00' AND '2017-08-03' AND (  a.id=b.book_obj_id ) LIMIT 1   [ RunTime:0.1130s ]
SQL: SELECT COUNT(*) AS tp_count FROM `t_book_obj` WHERE `owner_id` = 2 AND `create_time` <= '2017-08-04' LIMIT 1   [ RunTime:0.0990s ]
SQL: SHOW COLUMNS FROM `t_book_obj` [ RunTime:0.1380s ]
SQL: SELECT COUNT(*) AS tp_count FROM `t_book_obj` `a`,`t_borrow_info` `b` WHERE a.owner_id = '2' AND b.borrow_time BETWEEN '2017-08-01 00:00:00' AND '2017-08-04' AND (  a.id=b.book_obj_id ) LIMIT 1   [ RunTime:0.1860s ]
SQL: SHOW COLUMNS FROM `t_book_obj` [ RunTime:0.1850s ]
SQL: SELECT COUNT(*) AS tp_count FROM `t_book_obj` `a`,`t_borrow_info` `b` WHERE a.owner_id = '2' AND b.return_time BETWEEN '2017-08-01 00:00:00' AND '2017-08-04' AND (  a.id=b.book_obj_id ) LIMIT 1   [ RunTime:0.1890s ]
SQL: SELECT COUNT(*) AS tp_count FROM `t_book_obj` WHERE `owner_id` = 2 AND `create_time` <= '2017-08-05' LIMIT 1   [ RunTime:0.1690s ]
SQL: SHOW COLUMNS FROM `t_book_obj` [ RunTime:0.1160s ]
SQL: SELECT COUNT(*) AS tp_count FROM `t_book_obj` `a`,`t_borrow_info` `b` WHERE a.owner_id = '2' AND b.borrow_time BETWEEN '2017-08-01 00:00:00' AND '2017-08-05' AND (  a.id=b.book_obj_id ) LIMIT 1   [ RunTime:0.1290s ]
SQL: SHOW COLUMNS FROM `t_book_obj` [ RunTime:0.1950s ]
SQL: SELECT COUNT(*) AS tp_count FROM `t_book_obj` `a`,`t_borrow_info` `b` WHERE a.owner_id = '2' AND b.return_time BETWEEN '2017-08-01 00:00:00' AND '2017-08-05' AND (  a.id=b.book_obj_id ) LIMIT 1   [ RunTime:0.1860s ]
SQL: SELECT COUNT(*) AS tp_count FROM `t_book_obj` WHERE `owner_id` = 2 AND `create_time` <= '2017-08-06' LIMIT 1   [ RunTime:0.1880s ]
SQL: SHOW COLUMNS FROM `t_book_obj` [ RunTime:0.2110s ]
SQL: SELECT COUNT(*) AS tp_count FROM `t_book_obj` `a`,`t_borrow_info` `b` WHERE a.owner_id = '2' AND b.borrow_time BETWEEN '2017-08-01 00:00:00' AND '2017-08-06' AND (  a.id=b.book_obj_id ) LIMIT 1   [ RunTime:0.1870s ]
SQL: SHOW COLUMNS FROM `t_book_obj` [ RunTime:0.1680s ]
SQL: SELECT COUNT(*) AS tp_count FROM `t_book_obj` `a`,`t_borrow_info` `b` WHERE a.owner_id = '2' AND b.return_time BETWEEN '2017-08-01 00:00:00' AND '2017-08-06' AND (  a.id=b.book_obj_id ) LIMIT 1   [ RunTime:0.1550s ]
SQL: SELECT COUNT(*) AS tp_count FROM `t_book_obj` WHERE `owner_id` = 2 AND `create_time` <= '2017-08-07' LIMIT 1   [ RunTime:0.1770s ]
SQL: SHOW COLUMNS FROM `t_book_obj` [ RunTime:0.1670s ]
SQL: SELECT COUNT(*) AS tp_count FROM `t_book_obj` `a`,`t_borrow_info` `b` WHERE a.owner_id = '2' AND b.borrow_time BETWEEN '2017-08-01 00:00:00' AND '2017-08-07' AND (  a.id=b.book_obj_id ) LIMIT 1   [ RunTime:0.1590s ]
SQL: SHOW COLUMNS FROM `t_book_obj` [ RunTime:0.1800s ]
SQL: SELECT COUNT(*) AS tp_count FROM `t_book_obj` `a`,`t_borrow_info` `b` WHERE a.owner_id = '2' AND b.return_time BETWEEN '2017-08-01 00:00:00' AND '2017-08-07' AND (  a.id=b.book_obj_id ) LIMIT 1   [ RunTime:0.1470s ]
SQL: SELECT COUNT(*) AS tp_count FROM `t_book_obj` WHERE `owner_id` = 2 AND `create_time` <= '2017-08-08' LIMIT 1   [ RunTime:0.1190s ]
SQL: SHOW COLUMNS FROM `t_book_obj` [ RunTime:0.1120s ]
SQL: SELECT COUNT(*) AS tp_count FROM `t_book_obj` `a`,`t_borrow_info` `b` WHERE a.owner_id = '2' AND b.borrow_time BETWEEN '2017-08-01 00:00:00' AND '2017-08-08' AND (  a.id=b.book_obj_id ) LIMIT 1   [ RunTime:0.1020s ]
SQL: SHOW COLUMNS FROM `t_book_obj` [ RunTime:0.1070s ]
SQL: SELECT COUNT(*) AS tp_count FROM `t_book_obj` `a`,`t_borrow_info` `b` WHERE a.owner_id = '2' AND b.return_time BETWEEN '2017-08-01 00:00:00' AND '2017-08-08' AND (  a.id=b.book_obj_id ) LIMIT 1   [ RunTime:0.0890s ]
SQL: SELECT COUNT(*) AS tp_count FROM `t_book_obj` WHERE `owner_id` = 2 AND `create_time` <= '2017-08-09' LIMIT 1   [ RunTime:0.0900s ]
SQL: SHOW COLUMNS FROM `t_book_obj` [ RunTime:0.0770s ]
SQL: SELECT COUNT(*) AS tp_count FROM `t_book_obj` `a`,`t_borrow_info` `b` WHERE a.owner_id = '2' AND b.borrow_time BETWEEN '2017-08-01 00:00:00' AND '2017-08-09' AND (  a.id=b.book_obj_id ) LIMIT 1   [ RunTime:0.0810s ]
SQL: SHOW COLUMNS FROM `t_book_obj` [ RunTime:0.1200s ]
SQL: SELECT COUNT(*) AS tp_count FROM `t_book_obj` `a`,`t_borrow_info` `b` WHERE a.owner_id = '2' AND b.return_time BETWEEN '2017-08-01 00:00:00' AND '2017-08-09' AND (  a.id=b.book_obj_id ) LIMIT 1   [ RunTime:0.0950s ]
SQL: SELECT COUNT(*) AS tp_count FROM `t_book_obj` WHERE `owner_id` = 2 AND `create_time` <= '2017-08-10' LIMIT 1   [ RunTime:0.1040s ]
SQL: SHOW COLUMNS FROM `t_book_obj` [ RunTime:0.1030s ]
SQL: SELECT COUNT(*) AS tp_count FROM `t_book_obj` `a`,`t_borrow_info` `b` WHERE a.owner_id = '2' AND b.borrow_time BETWEEN '2017-08-01 00:00:00' AND '2017-08-10' AND (  a.id=b.book_obj_id ) LIMIT 1   [ RunTime:0.1590s ]
SQL: SHOW COLUMNS FROM `t_book_obj` [ RunTime:0.1130s ]
SQL: SELECT COUNT(*) AS tp_count FROM `t_book_obj` `a`,`t_borrow_info` `b` WHERE a.owner_id = '2' AND b.return_time BETWEEN '2017-08-01 00:00:00' AND '2017-08-10' AND (  a.id=b.book_obj_id ) LIMIT 1   [ RunTime:0.1460s ]
SQL: SELECT COUNT(*) AS tp_count FROM `t_book_obj` WHERE `owner_id` = 2 AND `create_time` <= '2017-08-11' LIMIT 1   [ RunTime:0.1590s ]
SQL: SHOW COLUMNS FROM `t_book_obj` [ RunTime:0.1870s ]
SQL: SELECT COUNT(*) AS tp_count FROM `t_book_obj` `a`,`t_borrow_info` `b` WHERE a.owner_id = '2' AND b.borrow_time BETWEEN '2017-08-01 00:00:00' AND '2017-08-11' AND (  a.id=b.book_obj_id ) LIMIT 1   [ RunTime:0.1910s ]
SQL: SHOW COLUMNS FROM `t_book_obj` [ RunTime:0.1550s ]
SQL: SELECT COUNT(*) AS tp_count FROM `t_book_obj` `a`,`t_borrow_info` `b` WHERE a.owner_id = '2' AND b.return_time BETWEEN '2017-08-01 00:00:00' AND '2017-08-11' AND (  a.id=b.book_obj_id ) LIMIT 1   [ RunTime:0.1180s ]

[ 2017-08-10T09:19:22+08:00 ] ::1 /dsyyManage/Admin/Statistics/type
INFO: [ app_init ] --START--
INFO: Run Behavior\BuildLiteBehavior [ RunTime:0.000000s ]
INFO: [ app_init ] --END-- [ RunTime:0.001000s ]
INFO: [ app_begin ] --START--
INFO: Run Behavior\ReadHtmlCacheBehavior [ RunTime:0.003000s ]
INFO: [ app_begin ] --END-- [ RunTime:0.003000s ]
SQL: SHOW COLUMNS FROM `t_user_info` [ RunTime:0.1790s ]
SQL: SELECT `id` FROM `t_user_info` WHERE `id` = 24 LIMIT 1   [ RunTime:0.1760s ]
SQL: SHOW COLUMNS FROM `t_bar_info` [ RunTime:0.1880s ]
SQL: SHOW COLUMNS FROM `t_bar_info` [ RunTime:0.1300s ]
SQL: SELECT a.id,a.name FROM `t_bar_info` `a`,`t_bar_user` `b` WHERE b.user_id = '24' AND (  a.id=b.bar_id )  [ RunTime:0.1000s ]
NOTIC: [8] Use of undefined constant son - assumed 'son' D:\UPUPW_AP5.5\htdocs\dsyyManage\Application\Admin\Controller\CommonController.class.php 第 41 行.
NOTIC: [8] Use of undefined constant son - assumed 'son' D:\UPUPW_AP5.5\htdocs\dsyyManage\Application\Admin\Controller\CommonController.class.php 第 41 行.
SQL: SHOW COLUMNS FROM `t_book_obj` [ RunTime:0.0940s ]
SQL: SELECT `type` FROM `t_book_obj` WHERE `owner_id` = 2 GROUP BY type  [ RunTime:0.1080s ]
SQL: SELECT COUNT(*) AS tp_count FROM `t_book_obj` WHERE `owner_id` = 2 AND `type` = '儿童读物' LIMIT 1   [ RunTime:0.0840s ]
SQL: SELECT COUNT(*) AS tp_count FROM `t_book_obj` WHERE `owner_id` = 2 AND `type` = '儿童读物' AND `status` = 1 LIMIT 1   [ RunTime:0.1040s ]
SQL: SELECT COUNT(*) AS tp_count FROM `t_book_obj` WHERE `owner_id` = 2 AND `type` = '其他图书' LIMIT 1   [ RunTime:0.1290s ]
SQL: SELECT COUNT(*) AS tp_count FROM `t_book_obj` WHERE `owner_id` = 2 AND `type` = '其他图书' AND `status` = 1 LIMIT 1   [ RunTime:0.1090s ]
SQL: SELECT COUNT(*) AS tp_count FROM `t_book_obj` WHERE `owner_id` = 2 AND `type` = '医疗养生' LIMIT 1   [ RunTime:0.1040s ]
SQL: SELECT COUNT(*) AS tp_count FROM `t_book_obj` WHERE `owner_id` = 2 AND `type` = '医疗养生' AND `status` = 1 LIMIT 1   [ RunTime:0.0830s ]
SQL: SELECT COUNT(*) AS tp_count FROM `t_book_obj` WHERE `owner_id` = 2 AND `type` = '历史文化' LIMIT 1   [ RunTime:0.0830s ]
SQL: SELECT COUNT(*) AS tp_count FROM `t_book_obj` WHERE `owner_id` = 2 AND `type` = '历史文化' AND `status` = 1 LIMIT 1   [ RunTime:0.1040s ]
SQL: SELECT COUNT(*) AS tp_count FROM `t_book_obj` WHERE `owner_id` = 2 AND `type` = '心灵鸡汤' LIMIT 1   [ RunTime:0.0890s ]
SQL: SELECT COUNT(*) AS tp_count FROM `t_book_obj` WHERE `owner_id` = 2 AND `type` = '心灵鸡汤' AND `status` = 1 LIMIT 1   [ RunTime:0.1090s ]
SQL: SELECT COUNT(*) AS tp_count FROM `t_book_obj` WHERE `owner_id` = 2 AND `type` = '文学小说' LIMIT 1   [ RunTime:0.1200s ]
SQL: SELECT COUNT(*) AS tp_count FROM `t_book_obj` WHERE `owner_id` = 2 AND `type` = '文学小说' AND `status` = 1 LIMIT 1   [ RunTime:0.1300s ]
SQL: SELECT COUNT(*) AS tp_count FROM `t_book_obj` WHERE `owner_id` = 2 AND `type` = '考试教育' LIMIT 1   [ RunTime:0.1540s ]
SQL: SELECT COUNT(*) AS tp_count FROM `t_book_obj` WHERE `owner_id` = 2 AND `type` = '考试教育' AND `status` = 1 LIMIT 1   [ RunTime:0.1710s ]

[ 2017-08-10T09:19:28+08:00 ] ::1 /dsyyManage/Admin/Book/index/bar_id/2.html
INFO: [ app_init ] --START--
INFO: Run Behavior\BuildLiteBehavior [ RunTime:0.000000s ]
INFO: [ app_init ] --END-- [ RunTime:0.000000s ]
INFO: [ app_begin ] --START--
INFO: Run Behavior\ReadHtmlCacheBehavior [ RunTime:0.002000s ]
INFO: [ app_begin ] --END-- [ RunTime:0.002000s ]
SQL: SHOW COLUMNS FROM `t_user_info` [ RunTime:0.1620s ]
SQL: SELECT `id` FROM `t_user_info` WHERE `id` = 24 LIMIT 1   [ RunTime:0.1810s ]
SQL: SHOW COLUMNS FROM `t_bar_info` [ RunTime:0.1730s ]
SQL: SHOW COLUMNS FROM `t_bar_info` [ RunTime:0.1920s ]
SQL: SELECT a.id,a.name FROM `t_bar_info` `a`,`t_bar_user` `b` WHERE b.user_id = '24' AND (  a.id=b.bar_id )  [ RunTime:0.1380s ]
NOTIC: [8] Use of undefined constant son - assumed 'son' D:\UPUPW_AP5.5\htdocs\dsyyManage\Application\Admin\Controller\CommonController.class.php 第 41 行.
NOTIC: [8] Use of undefined constant son - assumed 'son' D:\UPUPW_AP5.5\htdocs\dsyyManage\Application\Admin\Controller\CommonController.class.php 第 41 行.
SQL: SHOW COLUMNS FROM `t_book_obj` [ RunTime:0.1440s ]
SQL: SELECT `id`,`name` FROM `t_bar_info` WHERE `id` = 2 LIMIT 1   [ RunTime:0.0920s ]
SQL: SHOW COLUMNS FROM `t_book_obj` [ RunTime:0.1260s ]
SQL: SELECT b.id,b.images_medium,b.title,b.author,a.type,b.summary,count(*) AS `count`,sum(a.status=1) AS `borrow` FROM `t_book_obj` `a`,`t_book_info` `b` WHERE `owner_id` = 2 AND b.title LIKE '%%' AND a.type LIKE '%%' AND (  a.book_id= b.id ) GROUP BY b.id ORDER BY sum(a.status=1) desc LIMIT 0,10   [ RunTime:0.1160s ]
SQL: SHOW COLUMNS FROM `t_book_obj` [ RunTime:0.1300s ]
SQL: SELECT b.id FROM `t_book_obj` `a`,`t_book_info` `b` WHERE `owner_id` = 2 AND b.title LIKE '%%' AND a.type LIKE '%%' AND (  a.book_id= b.id ) GROUP BY b.id  [ RunTime:0.1340s ]
SQL: SELECT `type` FROM `t_book_obj` WHERE `owner_id` = 2 GROUP BY type  [ RunTime:0.1390s ]
INFO: [ view_parse ] --START--
INFO: [ template_filter ] --START--
INFO: Run Behavior\ContentReplaceBehavior [ RunTime:0.000000s ]
INFO: [ template_filter ] --END-- [ RunTime:0.000000s ]
NOTIC: [8] Use of undefined constant id - assumed 'id' D:\UPUPW_AP5.5\htdocs\dsyyManage\Application\Runtime\Cache\Admin\afa8c6529ef554789834553d1ae7ec47.php 第 57 行.
NOTIC: [8] Use of undefined constant id - assumed 'id' D:\UPUPW_AP5.5\htdocs\dsyyManage\Application\Runtime\Cache\Admin\afa8c6529ef554789834553d1ae7ec47.php 第 61 行.
NOTIC: [8] Use of undefined constant id - assumed 'id' D:\UPUPW_AP5.5\htdocs\dsyyManage\Application\Runtime\Cache\Admin\afa8c6529ef554789834553d1ae7ec47.php 第 57 行.
NOTIC: [8] Use of undefined constant id - assumed 'id' D:\UPUPW_AP5.5\htdocs\dsyyManage\Application\Runtime\Cache\Admin\afa8c6529ef554789834553d1ae7ec47.php 第 61 行.
NOTIC: [8] Use of undefined constant id - assumed 'id' D:\UPUPW_AP5.5\htdocs\dsyyManage\Application\Runtime\Cache\Admin\afa8c6529ef554789834553d1ae7ec47.php 第 138 行.
NOTIC: [8] Use of undefined constant id - assumed 'id' D:\UPUPW_AP5.5\htdocs\dsyyManage\Application\Runtime\Cache\Admin\afa8c6529ef554789834553d1ae7ec47.php 第 138 行.
NOTIC: [8] Use of undefined constant id - assumed 'id' D:\UPUPW_AP5.5\htdocs\dsyyManage\Application\Runtime\Cache\Admin\afa8c6529ef554789834553d1ae7ec47.php 第 138 行.
NOTIC: [8] Use of undefined constant id - assumed 'id' D:\UPUPW_AP5.5\htdocs\dsyyManage\Application\Runtime\Cache\Admin\afa8c6529ef554789834553d1ae7ec47.php 第 138 行.
NOTIC: [8] Use of undefined constant id - assumed 'id' D:\UPUPW_AP5.5\htdocs\dsyyManage\Application\Runtime\Cache\Admin\afa8c6529ef554789834553d1ae7ec47.php 第 138 行.
NOTIC: [8] Use of undefined constant id - assumed 'id' D:\UPUPW_AP5.5\htdocs\dsyyManage\Application\Runtime\Cache\Admin\afa8c6529ef554789834553d1ae7ec47.php 第 138 行.
NOTIC: [8] Use of undefined constant id - assumed 'id' D:\UPUPW_AP5.5\htdocs\dsyyManage\Application\Runtime\Cache\Admin\afa8c6529ef554789834553d1ae7ec47.php 第 138 行.
NOTIC: [8] Use of undefined constant id - assumed 'id' D:\UPUPW_AP5.5\htdocs\dsyyManage\Application\Runtime\Cache\Admin\afa8c6529ef554789834553d1ae7ec47.php 第 138 行.
NOTIC: [8] Use of undefined constant id - assumed 'id' D:\UPUPW_AP5.5\htdocs\dsyyManage\Application\Runtime\Cache\Admin\afa8c6529ef554789834553d1ae7ec47.php 第 138 行.
NOTIC: [8] Use of undefined constant id - assumed 'id' D:\UPUPW_AP5.5\htdocs\dsyyManage\Application\Runtime\Cache\Admin\afa8c6529ef554789834553d1ae7ec47.php 第 138 行.
NOTIC: [8] Use of undefined constant id - assumed 'id' D:\UPUPW_AP5.5\htdocs\dsyyManage\Application\Runtime\Cache\Admin\afa8c6529ef554789834553d1ae7ec47.php 第 138 行.
NOTIC: [8] Use of undefined constant id - assumed 'id' D:\UPUPW_AP5.5\htdocs\dsyyManage\Application\Runtime\Cache\Admin\afa8c6529ef554789834553d1ae7ec47.php 第 138 行.
NOTIC: [8] Use of undefined constant id - assumed 'id' D:\UPUPW_AP5.5\htdocs\dsyyManage\Application\Runtime\Cache\Admin\afa8c6529ef554789834553d1ae7ec47.php 第 138 行.
NOTIC: [8] Use of undefined constant id - assumed 'id' D:\UPUPW_AP5.5\htdocs\dsyyManage\Application\Runtime\Cache\Admin\afa8c6529ef554789834553d1ae7ec47.php 第 138 行.
NOTIC: [8] Use of undefined constant id - assumed 'id' D:\UPUPW_AP5.5\htdocs\dsyyManage\Application\Runtime\Cache\Admin\afa8c6529ef554789834553d1ae7ec47.php 第 138 行.
NOTIC: [8] Use of undefined constant id - assumed 'id' D:\UPUPW_AP5.5\htdocs\dsyyManage\Application\Runtime\Cache\Admin\afa8c6529ef554789834553d1ae7ec47.php 第 138 行.
NOTIC: [8] Use of undefined constant id - assumed 'id' D:\UPUPW_AP5.5\htdocs\dsyyManage\Application\Runtime\Cache\Admin\afa8c6529ef554789834553d1ae7ec47.php 第 138 行.
NOTIC: [8] Use of undefined constant id - assumed 'id' D:\UPUPW_AP5.5\htdocs\dsyyManage\Application\Runtime\Cache\Admin\afa8c6529ef554789834553d1ae7ec47.php 第 138 行.
NOTIC: [8] Use of undefined constant id - assumed 'id' D:\UPUPW_AP5.5\htdocs\dsyyManage\Application\Runtime\Cache\Admin\afa8c6529ef554789834553d1ae7ec47.php 第 138 行.
NOTIC: [8] Use of undefined constant id - assumed 'id' D:\UPUPW_AP5.5\htdocs\dsyyManage\Application\Runtime\Cache\Admin\afa8c6529ef554789834553d1ae7ec47.php 第 138 行.
NOTIC: [8] Undefined variable: company_row D:\UPUPW_AP5.5\htdocs\dsyyManage\Application\Runtime\Cache\Admin\afa8c6529ef554789834553d1ae7ec47.php 第 162 行.
NOTIC: [8] Undefined variable: company_row D:\UPUPW_AP5.5\htdocs\dsyyManage\Application\Runtime\Cache\Admin\afa8c6529ef554789834553d1ae7ec47.php 第 162 行.
INFO: Run Behavior\ParseTemplateBehavior [ RunTime:0.042002s ]
INFO: [ view_parse ] --END-- [ RunTime:0.043002s ]
INFO: [ view_filter ] --START--
INFO: Run Behavior\WriteHtmlCacheBehavior [ RunTime:0.002001s ]
INFO: [ view_filter ] --END-- [ RunTime:0.002001s ]
INFO: [ app_end ] --START--
INFO: Run Behavior\ShowPageTraceBehavior [ RunTime:0.002000s ]
INFO: [ app_end ] --END-- [ RunTime:0.002000s ]

[ 2017-08-10T09:19:38+08:00 ] ::1 /dsyyManage/Admin/Book/index?type=&searchname=%E6%98%8E&bar_id=2
INFO: [ app_init ] --START--
INFO: Run Behavior\BuildLiteBehavior [ RunTime:0.000000s ]
INFO: [ app_init ] --END-- [ RunTime:0.000000s ]
INFO: [ app_begin ] --START--
INFO: Run Behavior\ReadHtmlCacheBehavior [ RunTime:0.002000s ]
INFO: [ app_begin ] --END-- [ RunTime:0.002000s ]
SQL: SHOW COLUMNS FROM `t_user_info` [ RunTime:0.0970s ]
SQL: SELECT `id` FROM `t_user_info` WHERE `id` = 24 LIMIT 1   [ RunTime:0.0600s ]
SQL: SHOW COLUMNS FROM `t_bar_info` [ RunTime:0.0650s ]
SQL: SHOW COLUMNS FROM `t_bar_info` [ RunTime:0.0400s ]
SQL: SELECT a.id,a.name FROM `t_bar_info` `a`,`t_bar_user` `b` WHERE b.user_id = '24' AND (  a.id=b.bar_id )  [ RunTime:0.0400s ]
NOTIC: [8] Use of undefined constant son - assumed 'son' D:\UPUPW_AP5.5\htdocs\dsyyManage\Application\Admin\Controller\CommonController.class.php 第 41 行.
NOTIC: [8] Use of undefined constant son - assumed 'son' D:\UPUPW_AP5.5\htdocs\dsyyManage\Application\Admin\Controller\CommonController.class.php 第 41 行.
SQL: SHOW COLUMNS FROM `t_book_obj` [ RunTime:0.1120s ]
SQL: SELECT `id`,`name` FROM `t_bar_info` WHERE `id` = 2 LIMIT 1   [ RunTime:0.0690s ]
SQL: SHOW COLUMNS FROM `t_book_obj` [ RunTime:0.0480s ]
SQL: SELECT b.id,b.images_medium,b.title,b.author,a.type,b.summary,count(*) AS `count`,sum(a.status=1) AS `borrow` FROM `t_book_obj` `a`,`t_book_info` `b` WHERE `owner_id` = 2 AND b.title LIKE '%明%' AND a.type LIKE '%%' AND (  a.book_id= b.id ) GROUP BY b.id ORDER BY sum(a.status=1) desc LIMIT 0,10   [ RunTime:0.0420s ]
SQL: SHOW COLUMNS FROM `t_book_obj` [ RunTime:0.0560s ]
SQL: SELECT b.id FROM `t_book_obj` `a`,`t_book_info` `b` WHERE `owner_id` = 2 AND b.title LIKE '%明%' AND a.type LIKE '%%' AND (  a.book_id= b.id ) GROUP BY b.id  [ RunTime:0.0390s ]
SQL: SELECT `type` FROM `t_book_obj` WHERE `owner_id` = 2 GROUP BY type  [ RunTime:0.0840s ]
INFO: [ view_parse ] --START--
INFO: [ template_filter ] --START--
INFO: Run Behavior\ContentReplaceBehavior [ RunTime:0.000000s ]
INFO: [ template_filter ] --END-- [ RunTime:0.000000s ]
NOTIC: [8] Use of undefined constant id - assumed 'id' D:\UPUPW_AP5.5\htdocs\dsyyManage\Application\Runtime\Cache\Admin\afa8c6529ef554789834553d1ae7ec47.php 第 57 行.
NOTIC: [8] Use of undefined constant id - assumed 'id' D:\UPUPW_AP5.5\htdocs\dsyyManage\Application\Runtime\Cache\Admin\afa8c6529ef554789834553d1ae7ec47.php 第 61 行.
NOTIC: [8] Use of undefined constant id - assumed 'id' D:\UPUPW_AP5.5\htdocs\dsyyManage\Application\Runtime\Cache\Admin\afa8c6529ef554789834553d1ae7ec47.php 第 57 行.
NOTIC: [8] Use of undefined constant id - assumed 'id' D:\UPUPW_AP5.5\htdocs\dsyyManage\Application\Runtime\Cache\Admin\afa8c6529ef554789834553d1ae7ec47.php 第 61 行.
NOTIC: [8] Use of undefined constant id - assumed 'id' D:\UPUPW_AP5.5\htdocs\dsyyManage\Application\Runtime\Cache\Admin\afa8c6529ef554789834553d1ae7ec47.php 第 138 行.
NOTIC: [8] Use of undefined constant id - assumed 'id' D:\UPUPW_AP5.5\htdocs\dsyyManage\Application\Runtime\Cache\Admin\afa8c6529ef554789834553d1ae7ec47.php 第 138 行.
NOTIC: [8] Undefined variable: company_row D:\UPUPW_AP5.5\htdocs\dsyyManage\Application\Runtime\Cache\Admin\afa8c6529ef554789834553d1ae7ec47.php 第 162 行.
NOTIC: [8] Undefined variable: company_row D:\UPUPW_AP5.5\htdocs\dsyyManage\Application\Runtime\Cache\Admin\afa8c6529ef554789834553d1ae7ec47.php 第 162 行.
INFO: Run Behavior\ParseTemplateBehavior [ RunTime:0.025002s ]
INFO: [ view_parse ] --END-- [ RunTime:0.025002s ]
INFO: [ view_filter ] --START--
INFO: Run Behavior\WriteHtmlCacheBehavior [ RunTime:0.002000s ]
INFO: [ view_filter ] --END-- [ RunTime:0.002000s ]
INFO: [ app_end ] --START--
INFO: Run Behavior\ShowPageTraceBehavior [ RunTime:0.002000s ]
INFO: [ app_end ] --END-- [ RunTime:0.002000s ]

[ 2017-08-10T09:19:42+08:00 ] ::1 /dsyyManage/Admin/Book/browse/bar_id/2/book_id/60.html
INFO: [ app_init ] --START--
INFO: Run Behavior\BuildLiteBehavior [ RunTime:0.000000s ]
INFO: [ app_init ] --END-- [ RunTime:0.001000s ]
INFO: [ app_begin ] --START--
INFO: Run Behavior\ReadHtmlCacheBehavior [ RunTime:0.002000s ]
INFO: [ app_begin ] --END-- [ RunTime:0.002000s ]
SQL: SHOW COLUMNS FROM `t_user_info` [ RunTime:0.0280s ]
SQL: SELECT `id` FROM `t_user_info` WHERE `id` = 24 LIMIT 1   [ RunTime:0.0270s ]
SQL: SHOW COLUMNS FROM `t_bar_info` [ RunTime:0.0490s ]
SQL: SHOW COLUMNS FROM `t_bar_info` [ RunTime:0.0270s ]
SQL: SELECT a.id,a.name FROM `t_bar_info` `a`,`t_bar_user` `b` WHERE b.user_id = '24' AND (  a.id=b.bar_id )  [ RunTime:0.0290s ]
NOTIC: [8] Use of undefined constant son - assumed 'son' D:\UPUPW_AP5.5\htdocs\dsyyManage\Application\Admin\Controller\CommonController.class.php 第 41 行.
NOTIC: [8] Use of undefined constant son - assumed 'son' D:\UPUPW_AP5.5\htdocs\dsyyManage\Application\Admin\Controller\CommonController.class.php 第 41 行.
SQL: SHOW COLUMNS FROM `t_book_info` [ RunTime:0.0290s ]
SQL: SHOW COLUMNS FROM `t_book_obj` [ RunTime:0.0360s ]
SQL: SHOW COLUMNS FROM `t_borrow_info` [ RunTime:0.0270s ]
SQL: SELECT `id`,`images_medium`,`title`,`origin_title`,`author`,`type`,`binding`,`publisher`,`pubdate`,`summary` FROM `t_book_info` WHERE `id` = 60 LIMIT 1   [ RunTime:0.0290s ]
SQL: SELECT `id`,`book_code`,`create_time`,`owner_type`,`o_n`,`mail`,`status` FROM `t_book_obj` WHERE `owner_id` = 2 AND `book_id` = '60' AND `book_code` LIKE '%%' ORDER BY `status` desc,`create_time` desc  [ RunTime:0.0360s ]
SQL: SELECT COUNT(*) AS tp_count FROM `t_book_obj` WHERE `owner_id` = 2 AND `book_id` = '60' LIMIT 1   [ RunTime:0.0280s ]
SQL: SELECT COUNT(*) AS tp_count FROM `t_book_obj` WHERE `owner_id` = 2 AND `book_id` = '60' AND `status` = 1 LIMIT 1   [ RunTime:0.0270s ]
SQL: SHOW COLUMNS FROM `t_borrow_info` [ RunTime:0.0390s ]
SQL: SELECT a.borrow_time AS `borrow_time`,b.nick_name AS `user_name`,b.avatar AS `user_avatar`,b.phonenum AS `user_tel` FROM `t_borrow_info` `a`,`t_user_info` `b` WHERE a.book_obj_id = '75' AND a.status = 0 AND (  a.user_id= b.id ) LIMIT 1   [ RunTime:0.0370s ]
SQL: SHOW COLUMNS FROM `t_borrow_info` [ RunTime:0.0270s ]
SQL: SELECT c.nick_name AS `oper_name`,c.avatar AS `oper_avatar` FROM `t_borrow_info` `a`,`t_user_info` `c` WHERE a.book_obj_id = '75' AND a.status = 0 AND (  a.oper_id= c.id ) LIMIT 1   [ RunTime:0.0270s ]
SQL: SHOW COLUMNS FROM `t_borrow_info` [ RunTime:0.0270s ]
SQL: SELECT a.borrow_time AS `borrow_time`,b.nick_name AS `user_name`,b.avatar AS `user_avatar`,b.phonenum AS `user_tel` FROM `t_borrow_info` `a`,`t_user_info` `b` WHERE a.book_obj_id = '73' AND a.status = 0 AND (  a.user_id= b.id ) LIMIT 1   [ RunTime:0.0710s ]
SQL: SHOW COLUMNS FROM `t_borrow_info` [ RunTime:0.0350s ]
SQL: SELECT c.nick_name AS `oper_name`,c.avatar AS `oper_avatar` FROM `t_borrow_info` `a`,`t_user_info` `c` WHERE a.book_obj_id = '73' AND a.status = 0 AND (  a.oper_id= c.id ) LIMIT 1   [ RunTime:0.0290s ]
SQL: SHOW COLUMNS FROM `t_borrow_info` [ RunTime:0.0270s ]
SQL: SELECT a.borrow_time AS `borrow_time`,b.nick_name AS `user_name`,b.avatar AS `user_avatar`,b.phonenum AS `user_tel` FROM `t_borrow_info` `a`,`t_user_info` `b` WHERE a.book_obj_id = '68' AND a.status = 0 AND (  a.user_id= b.id ) LIMIT 1   [ RunTime:0.0270s ]
SQL: SHOW COLUMNS FROM `t_borrow_info` [ RunTime:0.0270s ]
SQL: SELECT c.nick_name AS `oper_name`,c.avatar AS `oper_avatar` FROM `t_borrow_info` `a`,`t_user_info` `c` WHERE a.book_obj_id = '68' AND a.status = 0 AND (  a.oper_id= c.id ) LIMIT 1   [ RunTime:0.0260s ]
INFO: [ view_parse ] --START--
INFO: [ template_filter ] --START--
INFO: Run Behavior\ContentReplaceBehavior [ RunTime:0.000000s ]
INFO: [ template_filter ] --END-- [ RunTime:0.000000s ]
NOTIC: [8] Use of undefined constant id - assumed 'id' D:\UPUPW_AP5.5\htdocs\dsyyManage\Application\Runtime\Cache\Admin\d271daf85ce0afde78bc7189c2304c40.php 第 57 行.
NOTIC: [8] Use of undefined constant id - assumed 'id' D:\UPUPW_AP5.5\htdocs\dsyyManage\Application\Runtime\Cache\Admin\d271daf85ce0afde78bc7189c2304c40.php 第 61 行.
NOTIC: [8] Use of undefined constant id - assumed 'id' D:\UPUPW_AP5.5\htdocs\dsyyManage\Application\Runtime\Cache\Admin\d271daf85ce0afde78bc7189c2304c40.php 第 57 行.
NOTIC: [8] Use of undefined constant id - assumed 'id' D:\UPUPW_AP5.5\htdocs\dsyyManage\Application\Runtime\Cache\Admin\d271daf85ce0afde78bc7189c2304c40.php 第 61 行.
NOTIC: [8] Undefined variable: company_row D:\UPUPW_AP5.5\htdocs\dsyyManage\Application\Runtime\Cache\Admin\d271daf85ce0afde78bc7189c2304c40.php 第 229 行.
NOTIC: [8] Undefined variable: company_row D:\UPUPW_AP5.5\htdocs\dsyyManage\Application\Runtime\Cache\Admin\d271daf85ce0afde78bc7189c2304c40.php 第 229 行.
INFO: Run Behavior\ParseTemplateBehavior [ RunTime:0.026002s ]
INFO: [ view_parse ] --END-- [ RunTime:0.026002s ]
INFO: [ view_filter ] --START--
INFO: Run Behavior\WriteHtmlCacheBehavior [ RunTime:0.001000s ]
INFO: [ view_filter ] --END-- [ RunTime:0.001000s ]
INFO: [ app_end ] --START--
INFO: Run Behavior\ShowPageTraceBehavior [ RunTime:0.002000s ]
INFO: [ app_end ] --END-- [ RunTime:0.002000s ]

[ 2017-08-10T09:19:47+08:00 ] ::1 /dsyyManage/Admin/Book/browse?searchname=1&bar_id=2&book_id=60
INFO: [ app_init ] --START--
INFO: Run Behavior\BuildLiteBehavior [ RunTime:0.000000s ]
INFO: [ app_init ] --END-- [ RunTime:0.000000s ]
INFO: [ app_begin ] --START--
INFO: Run Behavior\ReadHtmlCacheBehavior [ RunTime:0.002000s ]
INFO: [ app_begin ] --END-- [ RunTime:0.002000s ]
SQL: SHOW COLUMNS FROM `t_user_info` [ RunTime:0.0220s ]
SQL: SELECT `id` FROM `t_user_info` WHERE `id` = 24 LIMIT 1   [ RunTime:0.0230s ]
SQL: SHOW COLUMNS FROM `t_bar_info` [ RunTime:0.0200s ]
SQL: SHOW COLUMNS FROM `t_bar_info` [ RunTime:0.0270s ]
SQL: SELECT a.id,a.name FROM `t_bar_info` `a`,`t_bar_user` `b` WHERE b.user_id = '24' AND (  a.id=b.bar_id )  [ RunTime:0.0190s ]
NOTIC: [8] Use of undefined constant son - assumed 'son' D:\UPUPW_AP5.5\htdocs\dsyyManage\Application\Admin\Controller\CommonController.class.php 第 41 行.
NOTIC: [8] Use of undefined constant son - assumed 'son' D:\UPUPW_AP5.5\htdocs\dsyyManage\Application\Admin\Controller\CommonController.class.php 第 41 行.
SQL: SHOW COLUMNS FROM `t_book_info` [ RunTime:0.0250s ]
SQL: SHOW COLUMNS FROM `t_book_obj` [ RunTime:0.0210s ]
SQL: SHOW COLUMNS FROM `t_borrow_info` [ RunTime:0.0210s ]
SQL: SELECT `id`,`images_medium`,`title`,`origin_title`,`author`,`type`,`binding`,`publisher`,`pubdate`,`summary` FROM `t_book_info` WHERE `id` = 60 LIMIT 1   [ RunTime:0.0200s ]
SQL: SELECT `id`,`book_code`,`create_time`,`owner_type`,`o_n`,`mail`,`status` FROM `t_book_obj` WHERE `owner_id` = 2 AND `book_id` = '60' AND `book_code` LIKE '%1%' ORDER BY `status` desc,`create_time` desc  [ RunTime:0.0200s ]
SQL: SELECT COUNT(*) AS tp_count FROM `t_book_obj` WHERE `owner_id` = 2 AND `book_id` = '60' LIMIT 1   [ RunTime:0.0200s ]
SQL: SELECT COUNT(*) AS tp_count FROM `t_book_obj` WHERE `owner_id` = 2 AND `book_id` = '60' AND `status` = 1 LIMIT 1   [ RunTime:0.0360s ]
SQL: SHOW COLUMNS FROM `t_borrow_info` [ RunTime:0.0210s ]
SQL: SELECT a.borrow_time AS `borrow_time`,b.nick_name AS `user_name`,b.avatar AS `user_avatar`,b.phonenum AS `user_tel` FROM `t_borrow_info` `a`,`t_user_info` `b` WHERE a.book_obj_id = '73' AND a.status = 0 AND (  a.user_id= b.id ) LIMIT 1   [ RunTime:0.0210s ]
SQL: SHOW COLUMNS FROM `t_borrow_info` [ RunTime:0.0210s ]
SQL: SELECT c.nick_name AS `oper_name`,c.avatar AS `oper_avatar` FROM `t_borrow_info` `a`,`t_user_info` `c` WHERE a.book_obj_id = '73' AND a.status = 0 AND (  a.oper_id= c.id ) LIMIT 1   [ RunTime:0.0320s ]
INFO: [ view_parse ] --START--
INFO: [ template_filter ] --START--
INFO: Run Behavior\ContentReplaceBehavior [ RunTime:0.000000s ]
INFO: [ template_filter ] --END-- [ RunTime:0.000000s ]
NOTIC: [8] Use of undefined constant id - assumed 'id' D:\UPUPW_AP5.5\htdocs\dsyyManage\Application\Runtime\Cache\Admin\d271daf85ce0afde78bc7189c2304c40.php 第 57 行.
NOTIC: [8] Use of undefined constant id - assumed 'id' D:\UPUPW_AP5.5\htdocs\dsyyManage\Application\Runtime\Cache\Admin\d271daf85ce0afde78bc7189c2304c40.php 第 61 行.
NOTIC: [8] Use of undefined constant id - assumed 'id' D:\UPUPW_AP5.5\htdocs\dsyyManage\Application\Runtime\Cache\Admin\d271daf85ce0afde78bc7189c2304c40.php 第 57 行.
NOTIC: [8] Use of undefined constant id - assumed 'id' D:\UPUPW_AP5.5\htdocs\dsyyManage\Application\Runtime\Cache\Admin\d271daf85ce0afde78bc7189c2304c40.php 第 61 行.
NOTIC: [8] Undefined variable: company_row D:\UPUPW_AP5.5\htdocs\dsyyManage\Application\Runtime\Cache\Admin\d271daf85ce0afde78bc7189c2304c40.php 第 229 行.
NOTIC: [8] Undefined variable: company_row D:\UPUPW_AP5.5\htdocs\dsyyManage\Application\Runtime\Cache\Admin\d271daf85ce0afde78bc7189c2304c40.php 第 229 行.
INFO: Run Behavior\ParseTemplateBehavior [ RunTime:0.039002s ]
INFO: [ view_parse ] --END-- [ RunTime:0.039002s ]
INFO: [ view_filter ] --START--
INFO: Run Behavior\WriteHtmlCacheBehavior [ RunTime:0.002000s ]
INFO: [ view_filter ] --END-- [ RunTime:0.002000s ]
INFO: [ app_end ] --START--
INFO: Run Behavior\ShowPageTraceBehavior [ RunTime:0.002000s ]
INFO: [ app_end ] --END-- [ RunTime:0.003000s ]

[ 2017-08-10T09:30:28+08:00 ] ::1 /dsyyManage/Admin/Book/browse?searchname=1&bar_id=2&book_id=60
INFO: [ app_init ] --START--
INFO: Run Behavior\BuildLiteBehavior [ RunTime:0.000000s ]
INFO: [ app_init ] --END-- [ RunTime:0.001000s ]
INFO: [ app_begin ] --START--
INFO: Run Behavior\ReadHtmlCacheBehavior [ RunTime:0.001000s ]
INFO: [ app_begin ] --END-- [ RunTime:0.001000s ]
SQL: SHOW COLUMNS FROM `t_user_info` [ RunTime:0.0380s ]
SQL: SELECT `id` FROM `t_user_info` WHERE `id` = 24 LIMIT 1   [ RunTime:0.0200s ]
SQL: SHOW COLUMNS FROM `t_bar_info` [ RunTime:0.0460s ]
SQL: SHOW COLUMNS FROM `t_bar_info` [ RunTime:0.0200s ]
SQL: SELECT a.id,a.name FROM `t_bar_info` `a`,`t_bar_user` `b` WHERE b.user_id = '24' AND (  a.id=b.bar_id )  [ RunTime:0.0190s ]
NOTIC: [8] Use of undefined constant son - assumed 'son' D:\UPUPW_AP5.5\htdocs\dsyyManage\Application\Admin\Controller\CommonController.class.php 第 41 行.
NOTIC: [8] Use of undefined constant son - assumed 'son' D:\UPUPW_AP5.5\htdocs\dsyyManage\Application\Admin\Controller\CommonController.class.php 第 41 行.
SQL: SHOW COLUMNS FROM `t_book_info` [ RunTime:0.0230s ]
SQL: SHOW COLUMNS FROM `t_book_obj` [ RunTime:0.0540s ]
SQL: SHOW COLUMNS FROM `t_borrow_info` [ RunTime:0.0250s ]
SQL: SELECT `id`,`images_medium`,`title`,`origin_title`,`author`,`type`,`binding`,`publisher`,`pubdate`,`summary` FROM `t_book_info` WHERE `id` = 60 LIMIT 1   [ RunTime:0.0470s ]
SQL: SELECT `id`,`book_code`,`create_time`,`owner_type`,`o_n`,`mail`,`status` FROM `t_book_obj` WHERE `owner_id` = 2 AND `book_id` = '60' AND `book_code` LIKE '%1%' ORDER BY `status` desc,`create_time` desc  [ RunTime:0.0590s ]
SQL: SELECT COUNT(*) AS tp_count FROM `t_book_obj` WHERE `owner_id` = 2 AND `book_id` = '60' LIMIT 1   [ RunTime:0.0220s ]
SQL: SELECT COUNT(*) AS tp_count FROM `t_book_obj` WHERE `owner_id` = 2 AND `book_id` = '60' AND `status` = 1 LIMIT 1   [ RunTime:0.0210s ]
SQL: SHOW COLUMNS FROM `t_borrow_info` [ RunTime:0.0200s ]
SQL: SELECT a.borrow_time AS `borrow_time`,b.nick_name AS `user_name`,b.avatar AS `user_avatar`,b.phonenum AS `user_tel` FROM `t_borrow_info` `a`,`t_user_info` `b` WHERE a.book_obj_id = '73' AND a.status = 0 AND (  a.user_id= b.id ) LIMIT 1   [ RunTime:0.0210s ]
SQL: SHOW COLUMNS FROM `t_borrow_info` [ RunTime:0.0330s ]
SQL: SELECT c.nick_name AS `oper_name`,c.avatar AS `oper_avatar` FROM `t_borrow_info` `a`,`t_user_info` `c` WHERE a.book_obj_id = '73' AND a.status = 0 AND (  a.oper_id= c.id ) LIMIT 1   [ RunTime:0.0200s ]
INFO: [ view_parse ] --START--
INFO: [ template_filter ] --START--
INFO: Run Behavior\ContentReplaceBehavior [ RunTime:0.000000s ]
INFO: [ template_filter ] --END-- [ RunTime:0.000000s ]
NOTIC: [8] Use of undefined constant id - assumed 'id' D:\UPUPW_AP5.5\htdocs\dsyyManage\Application\Runtime\Cache\Admin\d271daf85ce0afde78bc7189c2304c40.php 第 57 行.
NOTIC: [8] Use of undefined constant id - assumed 'id' D:\UPUPW_AP5.5\htdocs\dsyyManage\Application\Runtime\Cache\Admin\d271daf85ce0afde78bc7189c2304c40.php 第 61 行.
NOTIC: [8] Use of undefined constant id - assumed 'id' D:\UPUPW_AP5.5\htdocs\dsyyManage\Application\Runtime\Cache\Admin\d271daf85ce0afde78bc7189c2304c40.php 第 57 行.
NOTIC: [8] Use of undefined constant id - assumed 'id' D:\UPUPW_AP5.5\htdocs\dsyyManage\Application\Runtime\Cache\Admin\d271daf85ce0afde78bc7189c2304c40.php 第 61 行.
NOTIC: [8] Undefined variable: company_row D:\UPUPW_AP5.5\htdocs\dsyyManage\Application\Runtime\Cache\Admin\d271daf85ce0afde78bc7189c2304c40.php 第 229 行.
NOTIC: [8] Undefined variable: company_row D:\UPUPW_AP5.5\htdocs\dsyyManage\Application\Runtime\Cache\Admin\d271daf85ce0afde78bc7189c2304c40.php 第 229 行.
INFO: Run Behavior\ParseTemplateBehavior [ RunTime:0.030002s ]
INFO: [ view_parse ] --END-- [ RunTime:0.030002s ]
INFO: [ view_filter ] --START--
INFO: Run Behavior\WriteHtmlCacheBehavior [ RunTime:0.002000s ]
INFO: [ view_filter ] --END-- [ RunTime:0.002000s ]
INFO: [ app_end ] --START--
INFO: Run Behavior\ShowPageTraceBehavior [ RunTime:0.002000s ]
INFO: [ app_end ] --END-- [ RunTime:0.002000s ]

