[ 2017-08-09T10:33:35+08:00 ] ::1 /Admin/book
INFO: [ app_init ] --START--
INFO: Run Behavior\BuildLiteBehavior [ RunTime:0.000000s ]
INFO: [ app_init ] --END-- [ RunTime:0.130008s ]
INFO: [ app_begin ] --START--
INFO: Run Behavior\ReadHtmlCacheBehavior [ RunTime:0.024001s ]
INFO: [ app_begin ] --END-- [ RunTime:0.024001s ]
SQL: SHOW COLUMNS FROM `t_user_info` [ RunTime:0.0270s ]
NOTIC: [2] is_file(): open_basedir restriction in effect. File(/Common/error) is not within the allowed path(s): (D:\UPUPW_AP5.5\htdocs\;D:\UPUPW_AP5.5\memcached\;D:\UPUPW_AP5.5\phpmyadmin\;D:\UPUPW_AP5.5\temp\;C:\Windows\Temp&quot;) D:\UPUPW_AP5.5\htdocs\dsyy\ThinkPHP\Library\Think\View.class.php 第 143 行.
INFO: [ view_parse ] --START--
INFO: [ template_filter ] --START--
INFO: Run Behavior\ContentReplaceBehavior [ RunTime:0.013001s ]
INFO: [ template_filter ] --END-- [ RunTime:0.013001s ]
INFO: Run Behavior\ParseTemplateBehavior [ RunTime:0.128007s ]
INFO: [ view_parse ] --END-- [ RunTime:0.128007s ]
INFO: [ view_filter ] --START--
INFO: Run Behavior\WriteHtmlCacheBehavior [ RunTime:0.020001s ]
INFO: [ view_filter ] --END-- [ RunTime:0.020001s ]

[ 2017-08-09T10:33:35+08:00 ] ::1 /favicon.ico
INFO: [ app_init ] --START--
INFO: Run Behavior\BuildLiteBehavior [ RunTime:0.000000s ]
INFO: [ app_init ] --END-- [ RunTime:0.000000s ]

[ 2017-08-09T10:33:40+08:00 ] ::1 /Admin
INFO: [ app_init ] --START--
INFO: Run Behavior\BuildLiteBehavior [ RunTime:0.000000s ]
INFO: [ app_init ] --END-- [ RunTime:0.001000s ]
INFO: [ app_begin ] --START--
INFO: Run Behavior\ReadHtmlCacheBehavior [ RunTime:0.001000s ]
INFO: [ app_begin ] --END-- [ RunTime:0.001000s ]
SQL: SHOW COLUMNS FROM `t_user_info` [ RunTime:0.0320s ]
INFO: [ view_parse ] --START--
INFO: [ template_filter ] --START--
INFO: Run Behavior\ContentReplaceBehavior [ RunTime:0.000000s ]
INFO: [ template_filter ] --END-- [ RunTime:0.000000s ]
INFO: Run Behavior\ParseTemplateBehavior [ RunTime:0.030002s ]
INFO: [ view_parse ] --END-- [ RunTime:0.030002s ]
INFO: [ view_filter ] --START--
INFO: Run Behavior\WriteHtmlCacheBehavior [ RunTime:0.001000s ]
INFO: [ view_filter ] --END-- [ RunTime:0.001000s ]
INFO: [ app_end ] --START--
INFO: Run Behavior\ShowPageTraceBehavior [ RunTime:0.011001s ]
INFO: [ app_end ] --END-- [ RunTime:0.011001s ]

[ 2017-08-09T10:33:41+08:00 ] ::1 /Admin/Verify/verify
INFO: [ app_init ] --START--
INFO: Run Behavior\BuildLiteBehavior [ RunTime:0.000000s ]
INFO: [ app_init ] --END-- [ RunTime:0.000000s ]
INFO: [ app_begin ] --START--
INFO: Run Behavior\ReadHtmlCacheBehavior [ RunTime:0.002000s ]
INFO: [ app_begin ] --END-- [ RunTime:0.002000s ]
INFO: [ app_end ] --START--
INFO: Run Behavior\ShowPageTraceBehavior [ RunTime:0.002000s ]
INFO: [ app_end ] --END-- [ RunTime:0.002000s ]

[ 2017-08-09T10:33:54+08:00 ] ::1 /Admin/Login/login
INFO: [ app_init ] --START--
INFO: Run Behavior\BuildLiteBehavior [ RunTime:0.000000s ]
INFO: [ app_init ] --END-- [ RunTime:0.000000s ]
INFO: [ app_begin ] --START--
INFO: Run Behavior\ReadHtmlCacheBehavior [ RunTime:0.001000s ]
INFO: [ app_begin ] --END-- [ RunTime:0.001000s ]
SQL: SHOW COLUMNS FROM `t_user_info` [ RunTime:0.0312s ]
SQL: SHOW COLUMNS FROM `t_bar_user` [ RunTime:0.0156s ]

[ 2017-08-09T10:33:54+08:00 ] ::1 /Admin/Verify/verify
INFO: [ app_init ] --START--
INFO: Run Behavior\BuildLiteBehavior [ RunTime:0.000000s ]
INFO: [ app_init ] --END-- [ RunTime:0.000000s ]
INFO: [ app_begin ] --START--
INFO: Run Behavior\ReadHtmlCacheBehavior [ RunTime:0.002000s ]
INFO: [ app_begin ] --END-- [ RunTime:0.002000s ]
INFO: [ app_end ] --START--
INFO: Run Behavior\ShowPageTraceBehavior [ RunTime:0.002000s ]
INFO: [ app_end ] --END-- [ RunTime:0.002000s ]

[ 2017-08-09T10:34:01+08:00 ] ::1 /Admin/Login/login
INFO: [ app_init ] --START--
INFO: Run Behavior\BuildLiteBehavior [ RunTime:0.000000s ]
INFO: [ app_init ] --END-- [ RunTime:0.001000s ]
INFO: [ app_begin ] --START--
INFO: Run Behavior\ReadHtmlCacheBehavior [ RunTime:0.002000s ]
INFO: [ app_begin ] --END-- [ RunTime:0.002000s ]
SQL: SHOW COLUMNS FROM `t_user_info` [ RunTime:0.0250s ]
SQL: SHOW COLUMNS FROM `t_bar_user` [ RunTime:0.0240s ]
SQL: SELECT `id` FROM `t_user_info` WHERE `id` = 24 LIMIT 1   [ RunTime:0.0220s ]
SQL: SELECT `id` FROM `t_bar_user` WHERE `user_id` = 24 LIMIT 1   [ RunTime:0.0230s ]
SQL: SELECT `id`,`nick_name`,`avatar` FROM `t_user_info` WHERE `id` = 24 AND `passwd` = 'fded0c3849b2802a4a4d95cc786b0915' LIMIT 1   [ RunTime:0.0300s ]

[ 2017-08-09T10:34:01+08:00 ] ::1 /Admin/Verify/verify
INFO: [ app_init ] --START--
INFO: Run Behavior\BuildLiteBehavior [ RunTime:0.000000s ]
INFO: [ app_init ] --END-- [ RunTime:0.001000s ]
INFO: [ app_begin ] --START--
INFO: Run Behavior\ReadHtmlCacheBehavior [ RunTime:0.001000s ]
INFO: [ app_begin ] --END-- [ RunTime:0.001000s ]
INFO: [ app_end ] --START--
INFO: Run Behavior\ShowPageTraceBehavior [ RunTime:0.002000s ]
INFO: [ app_end ] --END-- [ RunTime:0.002000s ]

[ 2017-08-09T10:34:12+08:00 ] ::1 /Admin/Login/login
INFO: [ app_init ] --START--
INFO: Run Behavior\BuildLiteBehavior [ RunTime:0.000000s ]
INFO: [ app_init ] --END-- [ RunTime:0.000000s ]
INFO: [ app_begin ] --START--
INFO: Run Behavior\ReadHtmlCacheBehavior [ RunTime:0.015600s ]
INFO: [ app_begin ] --END-- [ RunTime:0.015600s ]
SQL: SHOW COLUMNS FROM `t_user_info` [ RunTime:0.0312s ]
SQL: SHOW COLUMNS FROM `t_bar_user` [ RunTime:0.0332s ]
SQL: SELECT `id` FROM `t_user_info` WHERE `id` = 24 LIMIT 1   [ RunTime:0.0312s ]
SQL: SELECT `id` FROM `t_bar_user` WHERE `user_id` = 24 LIMIT 1   [ RunTime:0.0312s ]
SQL: SELECT `id`,`nick_name`,`avatar` FROM `t_user_info` WHERE `id` = 24 AND `passwd` = '4e4eaf61ea2b9af0f24f73ccd8865cb4' LIMIT 1   [ RunTime:0.0312s ]

[ 2017-08-09T10:34:12+08:00 ] ::1 /Admin/Verify/verify
INFO: [ app_init ] --START--
INFO: Run Behavior\BuildLiteBehavior [ RunTime:0.000000s ]
INFO: [ app_init ] --END-- [ RunTime:0.001000s ]
INFO: [ app_begin ] --START--
INFO: Run Behavior\ReadHtmlCacheBehavior [ RunTime:0.002000s ]
INFO: [ app_begin ] --END-- [ RunTime:0.002000s ]
INFO: [ app_end ] --START--
INFO: Run Behavior\ShowPageTraceBehavior [ RunTime:0.002000s ]
INFO: [ app_end ] --END-- [ RunTime:0.002000s ]

[ 2017-08-09T10:34:13+08:00 ] ::1 /Admin/Index/index
INFO: [ app_init ] --START--
INFO: Run Behavior\BuildLiteBehavior [ RunTime:0.000000s ]
INFO: [ app_init ] --END-- [ RunTime:0.000000s ]
INFO: [ app_begin ] --START--
INFO: Run Behavior\ReadHtmlCacheBehavior [ RunTime:0.002000s ]
INFO: [ app_begin ] --END-- [ RunTime:0.002000s ]
SQL: SHOW COLUMNS FROM `t_user_info` [ RunTime:0.0280s ]
SQL: SELECT `id` FROM `t_user_info` WHERE `id` = 24 LIMIT 1   [ RunTime:0.0290s ]
SQL: SHOW COLUMNS FROM `t_bar_info` [ RunTime:0.0260s ]
SQL: SHOW COLUMNS FROM `t_bar_info` [ RunTime:0.0260s ]
SQL: SELECT a.id,a.name FROM `t_bar_info` `a`,`t_bar_user` `b` WHERE b.user_id = '24' AND (  a.id=b.bar_id )  [ RunTime:0.0260s ]
NOTIC: [8] Use of undefined constant son - assumed 'son' D:\UPUPW_AP5.5\htdocs\dsyy\Application\Admin\Controller\CommonController.class.php 第 41 行.
NOTIC: [8] Use of undefined constant son - assumed 'son' D:\UPUPW_AP5.5\htdocs\dsyy\Application\Admin\Controller\CommonController.class.php 第 41 行.
NOTIC: [8] Use of undefined constant mysql_close - assumed 'mysql_close' D:\UPUPW_AP5.5\htdocs\dsyy\Application\Admin\Controller\IndexController.class.php 第 17 行.
INFO: [ view_parse ] --START--
INFO: [ template_filter ] --START--
INFO: Run Behavior\ContentReplaceBehavior [ RunTime:0.000000s ]
INFO: [ template_filter ] --END-- [ RunTime:0.000000s ]
NOTIC: [8] Use of undefined constant id - assumed 'id' D:\UPUPW_AP5.5\htdocs\dsyy\Application\Runtime\Cache\Admin\b595b808c2ebeeeb0478ffc30bb4e87a.php 第 59 行.
NOTIC: [8] Use of undefined constant id - assumed 'id' D:\UPUPW_AP5.5\htdocs\dsyy\Application\Runtime\Cache\Admin\b595b808c2ebeeeb0478ffc30bb4e87a.php 第 63 行.
NOTIC: [8] Use of undefined constant id - assumed 'id' D:\UPUPW_AP5.5\htdocs\dsyy\Application\Runtime\Cache\Admin\b595b808c2ebeeeb0478ffc30bb4e87a.php 第 59 行.
NOTIC: [8] Use of undefined constant id - assumed 'id' D:\UPUPW_AP5.5\htdocs\dsyy\Application\Runtime\Cache\Admin\b595b808c2ebeeeb0478ffc30bb4e87a.php 第 63 行.
NOTIC: [8] Undefined variable: company_row D:\UPUPW_AP5.5\htdocs\dsyy\Application\Runtime\Cache\Admin\b595b808c2ebeeeb0478ffc30bb4e87a.php 第 126 行.
NOTIC: [8] Undefined variable: company_row D:\UPUPW_AP5.5\htdocs\dsyy\Application\Runtime\Cache\Admin\b595b808c2ebeeeb0478ffc30bb4e87a.php 第 126 行.
INFO: Run Behavior\ParseTemplateBehavior [ RunTime:0.095005s ]
INFO: [ view_parse ] --END-- [ RunTime:0.095005s ]
INFO: [ view_filter ] --START--
INFO: Run Behavior\WriteHtmlCacheBehavior [ RunTime:0.003000s ]
INFO: [ view_filter ] --END-- [ RunTime:0.004001s ]
INFO: [ app_end ] --START--
INFO: Run Behavior\ShowPageTraceBehavior [ RunTime:0.003000s ]
INFO: [ app_end ] --END-- [ RunTime:0.003000s ]

[ 2017-08-09T10:34:17+08:00 ] ::1 /Admin/User/edit.html
INFO: [ app_init ] --START--
INFO: Run Behavior\BuildLiteBehavior [ RunTime:0.001000s ]
INFO: [ app_init ] --END-- [ RunTime:0.001000s ]
INFO: [ app_begin ] --START--
INFO: Run Behavior\ReadHtmlCacheBehavior [ RunTime:0.002000s ]
INFO: [ app_begin ] --END-- [ RunTime:0.002000s ]
SQL: SHOW COLUMNS FROM `t_user_info` [ RunTime:0.0250s ]
SQL: SELECT `id` FROM `t_user_info` WHERE `id` = 24 LIMIT 1   [ RunTime:0.0240s ]
SQL: SHOW COLUMNS FROM `t_bar_info` [ RunTime:0.1070s ]
SQL: SHOW COLUMNS FROM `t_bar_info` [ RunTime:0.0950s ]
SQL: SELECT a.id,a.name FROM `t_bar_info` `a`,`t_bar_user` `b` WHERE b.user_id = '24' AND (  a.id=b.bar_id )  [ RunTime:0.0790s ]
NOTIC: [8] Use of undefined constant son - assumed 'son' D:\UPUPW_AP5.5\htdocs\dsyy\Application\Admin\Controller\CommonController.class.php 第 41 行.
NOTIC: [8] Use of undefined constant son - assumed 'son' D:\UPUPW_AP5.5\htdocs\dsyy\Application\Admin\Controller\CommonController.class.php 第 41 行.
INFO: [ view_parse ] --START--
INFO: [ template_filter ] --START--
INFO: Run Behavior\ContentReplaceBehavior [ RunTime:0.000000s ]
INFO: [ template_filter ] --END-- [ RunTime:0.000000s ]
NOTIC: [8] Use of undefined constant id - assumed 'id' D:\UPUPW_AP5.5\htdocs\dsyy\Application\Runtime\Cache\Admin\c5c8f88f4330c605468367c8bb60454a.php 第 59 行.
NOTIC: [8] Use of undefined constant id - assumed 'id' D:\UPUPW_AP5.5\htdocs\dsyy\Application\Runtime\Cache\Admin\c5c8f88f4330c605468367c8bb60454a.php 第 63 行.
NOTIC: [8] Use of undefined constant id - assumed 'id' D:\UPUPW_AP5.5\htdocs\dsyy\Application\Runtime\Cache\Admin\c5c8f88f4330c605468367c8bb60454a.php 第 59 行.
NOTIC: [8] Use of undefined constant id - assumed 'id' D:\UPUPW_AP5.5\htdocs\dsyy\Application\Runtime\Cache\Admin\c5c8f88f4330c605468367c8bb60454a.php 第 63 行.
NOTIC: [8] Undefined variable: user_row D:\UPUPW_AP5.5\htdocs\dsyy\Application\Runtime\Cache\Admin\c5c8f88f4330c605468367c8bb60454a.php 第 101 行.
NOTIC: [8] Undefined variable: user_row D:\UPUPW_AP5.5\htdocs\dsyy\Application\Runtime\Cache\Admin\c5c8f88f4330c605468367c8bb60454a.php 第 108 行.
NOTIC: [8] Undefined variable: user_row D:\UPUPW_AP5.5\htdocs\dsyy\Application\Runtime\Cache\Admin\c5c8f88f4330c605468367c8bb60454a.php 第 115 行.
NOTIC: [8] Undefined variable: user_row D:\UPUPW_AP5.5\htdocs\dsyy\Application\Runtime\Cache\Admin\c5c8f88f4330c605468367c8bb60454a.php 第 122 行.
NOTIC: [8] Undefined variable: company_row D:\UPUPW_AP5.5\htdocs\dsyy\Application\Runtime\Cache\Admin\c5c8f88f4330c605468367c8bb60454a.php 第 139 行.
NOTIC: [8] Undefined variable: company_row D:\UPUPW_AP5.5\htdocs\dsyy\Application\Runtime\Cache\Admin\c5c8f88f4330c605468367c8bb60454a.php 第 139 行.
INFO: Run Behavior\ParseTemplateBehavior [ RunTime:0.052003s ]
INFO: [ view_parse ] --END-- [ RunTime:0.052003s ]
INFO: [ view_filter ] --START--
INFO: Run Behavior\WriteHtmlCacheBehavior [ RunTime:0.002000s ]
INFO: [ view_filter ] --END-- [ RunTime:0.002000s ]
INFO: [ app_end ] --START--
INFO: Run Behavior\ShowPageTraceBehavior [ RunTime:0.003000s ]
INFO: [ app_end ] --END-- [ RunTime:0.003000s ]

[ 2017-08-09T10:34:17+08:00 ] ::1 /Admin/Verify/verify
INFO: [ app_init ] --START--
INFO: Run Behavior\BuildLiteBehavior [ RunTime:0.000000s ]
INFO: [ app_init ] --END-- [ RunTime:0.001000s ]
INFO: [ app_begin ] --START--
INFO: Run Behavior\ReadHtmlCacheBehavior [ RunTime:0.002000s ]
INFO: [ app_begin ] --END-- [ RunTime:0.002000s ]
INFO: [ app_end ] --START--
INFO: Run Behavior\ShowPageTraceBehavior [ RunTime:0.002000s ]
INFO: [ app_end ] --END-- [ RunTime:0.002000s ]

[ 2017-08-09T10:34:30+08:00 ] ::1 /Admin/Verify/verify?0.34898451233542893
INFO: [ app_init ] --START--
INFO: Run Behavior\BuildLiteBehavior [ RunTime:0.000000s ]
INFO: [ app_init ] --END-- [ RunTime:0.000000s ]
INFO: [ app_begin ] --START--
INFO: Run Behavior\ReadHtmlCacheBehavior [ RunTime:0.000000s ]
INFO: [ app_begin ] --END-- [ RunTime:0.000000s ]
INFO: [ app_end ] --START--
INFO: Run Behavior\ShowPageTraceBehavior [ RunTime:0.000000s ]
INFO: [ app_end ] --END-- [ RunTime:0.000000s ]

[ 2017-08-09T10:34:35+08:00 ] ::1 /Admin/User/editDo
INFO: [ app_init ] --START--
INFO: Run Behavior\BuildLiteBehavior [ RunTime:0.000000s ]
INFO: [ app_init ] --END-- [ RunTime:0.000000s ]
INFO: [ app_begin ] --START--
INFO: Run Behavior\ReadHtmlCacheBehavior [ RunTime:0.000000s ]
INFO: [ app_begin ] --END-- [ RunTime:0.000000s ]
SQL: SHOW COLUMNS FROM `t_user_info` [ RunTime:0.0322s ]
SQL: SELECT `id` FROM `t_user_info` WHERE `id` = 24 LIMIT 1   [ RunTime:0.0156s ]
SQL: SHOW COLUMNS FROM `t_bar_info` [ RunTime:0.0166s ]
SQL: SHOW COLUMNS FROM `t_bar_info` [ RunTime:0.0312s ]
SQL: SELECT a.id,a.name FROM `t_bar_info` `a`,`t_bar_user` `b` WHERE b.user_id = '24' AND (  a.id=b.bar_id )  [ RunTime:0.0322s ]
NOTIC: [8] Use of undefined constant son - assumed 'son' D:\UPUPW_AP5.5\htdocs\dsyy\Application\Admin\Controller\CommonController.class.php 第 41 行.
NOTIC: [8] Use of undefined constant son - assumed 'son' D:\UPUPW_AP5.5\htdocs\dsyy\Application\Admin\Controller\CommonController.class.php 第 41 行.
SQL: SELECT `id`,`nick_name`,`avatar` FROM `t_user_info` WHERE `id` = 24 AND `passwd` = '4e4eaf61ea2b9af0f24f73ccd8865cb4' LIMIT 1   [ RunTime:0.0312s ]
SQL: UPDATE `t_user_info` SET `passwd`='fded0c3849b2802a4a4d95cc786b0915' WHERE `id` = 24 [ RunTime:0.0322s ]

[ 2017-08-09T10:34:35+08:00 ] ::1 /Admin/Verify/verify
INFO: [ app_init ] --START--
INFO: Run Behavior\BuildLiteBehavior [ RunTime:0.000000s ]
INFO: [ app_init ] --END-- [ RunTime:0.000000s ]
INFO: [ app_begin ] --START--
INFO: Run Behavior\ReadHtmlCacheBehavior [ RunTime:0.001000s ]
INFO: [ app_begin ] --END-- [ RunTime:0.001000s ]
INFO: [ app_end ] --START--
INFO: Run Behavior\ShowPageTraceBehavior [ RunTime:0.001000s ]
INFO: [ app_end ] --END-- [ RunTime:0.001000s ]

[ 2017-08-09T10:34:37+08:00 ] ::1 /Admin
INFO: [ app_init ] --START--
INFO: Run Behavior\BuildLiteBehavior [ RunTime:0.000000s ]
INFO: [ app_init ] --END-- [ RunTime:0.000000s ]
INFO: [ app_begin ] --START--
INFO: Run Behavior\ReadHtmlCacheBehavior [ RunTime:0.001000s ]
INFO: [ app_begin ] --END-- [ RunTime:0.002000s ]
SQL: SHOW COLUMNS FROM `t_user_info` [ RunTime:0.0410s ]
INFO: [ view_parse ] --START--
INFO: [ template_filter ] --START--
INFO: Run Behavior\ContentReplaceBehavior [ RunTime:0.000000s ]
INFO: [ template_filter ] --END-- [ RunTime:0.000000s ]
INFO: Run Behavior\ParseTemplateBehavior [ RunTime:0.036002s ]
INFO: [ view_parse ] --END-- [ RunTime:0.036002s ]
INFO: [ view_filter ] --START--
INFO: Run Behavior\WriteHtmlCacheBehavior [ RunTime:0.004000s ]
INFO: [ view_filter ] --END-- [ RunTime:0.005000s ]
INFO: [ app_end ] --START--
INFO: Run Behavior\ShowPageTraceBehavior [ RunTime:0.005001s ]
INFO: [ app_end ] --END-- [ RunTime:0.005001s ]

[ 2017-08-09T10:34:37+08:00 ] ::1 /Admin/Verify/verify
INFO: [ app_init ] --START--
INFO: Run Behavior\BuildLiteBehavior [ RunTime:0.000000s ]
INFO: [ app_init ] --END-- [ RunTime:0.000000s ]
INFO: [ app_begin ] --START--
INFO: Run Behavior\ReadHtmlCacheBehavior [ RunTime:0.002000s ]
INFO: [ app_begin ] --END-- [ RunTime:0.002000s ]
INFO: [ app_end ] --START--
INFO: Run Behavior\ShowPageTraceBehavior [ RunTime:0.002000s ]
INFO: [ app_end ] --END-- [ RunTime:0.002000s ]

[ 2017-08-09T10:34:49+08:00 ] ::1 /Admin/Login/login
INFO: [ app_init ] --START--
INFO: Run Behavior\BuildLiteBehavior [ RunTime:0.000000s ]
INFO: [ app_init ] --END-- [ RunTime:0.000000s ]
INFO: [ app_begin ] --START--
INFO: Run Behavior\ReadHtmlCacheBehavior [ RunTime:0.015600s ]
INFO: [ app_begin ] --END-- [ RunTime:0.015600s ]
SQL: SHOW COLUMNS FROM `t_user_info` [ RunTime:0.0312s ]
SQL: SHOW COLUMNS FROM `t_bar_user` [ RunTime:0.0156s ]
SQL: SELECT `id` FROM `t_user_info` WHERE `id` = 24 LIMIT 1   [ RunTime:0.0312s ]
SQL: SELECT `id` FROM `t_bar_user` WHERE `user_id` = 24 LIMIT 1   [ RunTime:0.0156s ]
SQL: SELECT `id`,`nick_name`,`avatar` FROM `t_user_info` WHERE `id` = 24 AND `passwd` = 'fded0c3849b2802a4a4d95cc786b0915' LIMIT 1   [ RunTime:0.0156s ]

[ 2017-08-09T10:34:49+08:00 ] ::1 /Admin/Verify/verify
INFO: [ app_init ] --START--
INFO: Run Behavior\BuildLiteBehavior [ RunTime:0.000000s ]
INFO: [ app_init ] --END-- [ RunTime:0.001000s ]
INFO: [ app_begin ] --START--
INFO: Run Behavior\ReadHtmlCacheBehavior [ RunTime:0.001000s ]
INFO: [ app_begin ] --END-- [ RunTime:0.001000s ]
INFO: [ app_end ] --START--
INFO: Run Behavior\ShowPageTraceBehavior [ RunTime:0.001000s ]
INFO: [ app_end ] --END-- [ RunTime:0.001000s ]

[ 2017-08-09T10:34:55+08:00 ] ::1 /Admin/Login/login
INFO: [ app_init ] --START--
INFO: Run Behavior\BuildLiteBehavior [ RunTime:0.000000s ]
INFO: [ app_init ] --END-- [ RunTime:0.000000s ]
INFO: [ app_begin ] --START--
INFO: Run Behavior\ReadHtmlCacheBehavior [ RunTime:0.000000s ]
INFO: [ app_begin ] --END-- [ RunTime:0.000000s ]
SQL: SHOW COLUMNS FROM `t_user_info` [ RunTime:0.0312s ]
SQL: SHOW COLUMNS FROM `t_bar_user` [ RunTime:0.0312s ]
SQL: SELECT `id` FROM `t_user_info` WHERE `id` = 24 LIMIT 1   [ RunTime:0.0312s ]
SQL: SELECT `id` FROM `t_bar_user` WHERE `user_id` = 24 LIMIT 1   [ RunTime:0.0312s ]
SQL: SELECT `id`,`nick_name`,`avatar` FROM `t_user_info` WHERE `id` = 24 AND `passwd` = 'fded0c3849b2802a4a4d95cc786b0915' LIMIT 1   [ RunTime:0.0312s ]

[ 2017-08-09T10:34:55+08:00 ] ::1 /Admin/Verify/verify
INFO: [ app_init ] --START--
INFO: Run Behavior\BuildLiteBehavior [ RunTime:0.000000s ]
INFO: [ app_init ] --END-- [ RunTime:0.000000s ]
INFO: [ app_begin ] --START--
INFO: Run Behavior\ReadHtmlCacheBehavior [ RunTime:0.002000s ]
INFO: [ app_begin ] --END-- [ RunTime:0.002000s ]
INFO: [ app_end ] --START--
INFO: Run Behavior\ShowPageTraceBehavior [ RunTime:0.002001s ]
INFO: [ app_end ] --END-- [ RunTime:0.002001s ]

[ 2017-08-09T10:34:56+08:00 ] ::1 /Admin/Index/index
INFO: [ app_init ] --START--
INFO: Run Behavior\BuildLiteBehavior [ RunTime:0.000000s ]
INFO: [ app_init ] --END-- [ RunTime:0.000000s ]
INFO: [ app_begin ] --START--
INFO: Run Behavior\ReadHtmlCacheBehavior [ RunTime:0.002000s ]
INFO: [ app_begin ] --END-- [ RunTime:0.002000s ]
SQL: SHOW COLUMNS FROM `t_user_info` [ RunTime:0.0250s ]
SQL: SELECT `id` FROM `t_user_info` WHERE `id` = 24 LIMIT 1   [ RunTime:0.0240s ]
SQL: SHOW COLUMNS FROM `t_bar_info` [ RunTime:0.0250s ]
SQL: SHOW COLUMNS FROM `t_bar_info` [ RunTime:0.0250s ]
SQL: SELECT a.id,a.name FROM `t_bar_info` `a`,`t_bar_user` `b` WHERE b.user_id = '24' AND (  a.id=b.bar_id )  [ RunTime:0.0250s ]
NOTIC: [8] Use of undefined constant son - assumed 'son' D:\UPUPW_AP5.5\htdocs\dsyy\Application\Admin\Controller\CommonController.class.php 第 41 行.
NOTIC: [8] Use of undefined constant son - assumed 'son' D:\UPUPW_AP5.5\htdocs\dsyy\Application\Admin\Controller\CommonController.class.php 第 41 行.
NOTIC: [8] Use of undefined constant mysql_close - assumed 'mysql_close' D:\UPUPW_AP5.5\htdocs\dsyy\Application\Admin\Controller\IndexController.class.php 第 17 行.
INFO: [ view_parse ] --START--
INFO: [ template_filter ] --START--
INFO: Run Behavior\ContentReplaceBehavior [ RunTime:0.000000s ]
INFO: [ template_filter ] --END-- [ RunTime:0.000000s ]
NOTIC: [8] Use of undefined constant id - assumed 'id' D:\UPUPW_AP5.5\htdocs\dsyy\Application\Runtime\Cache\Admin\b595b808c2ebeeeb0478ffc30bb4e87a.php 第 59 行.
NOTIC: [8] Use of undefined constant id - assumed 'id' D:\UPUPW_AP5.5\htdocs\dsyy\Application\Runtime\Cache\Admin\b595b808c2ebeeeb0478ffc30bb4e87a.php 第 63 行.
NOTIC: [8] Use of undefined constant id - assumed 'id' D:\UPUPW_AP5.5\htdocs\dsyy\Application\Runtime\Cache\Admin\b595b808c2ebeeeb0478ffc30bb4e87a.php 第 59 行.
NOTIC: [8] Use of undefined constant id - assumed 'id' D:\UPUPW_AP5.5\htdocs\dsyy\Application\Runtime\Cache\Admin\b595b808c2ebeeeb0478ffc30bb4e87a.php 第 63 行.
NOTIC: [8] Undefined variable: company_row D:\UPUPW_AP5.5\htdocs\dsyy\Application\Runtime\Cache\Admin\b595b808c2ebeeeb0478ffc30bb4e87a.php 第 126 行.
NOTIC: [8] Undefined variable: company_row D:\UPUPW_AP5.5\htdocs\dsyy\Application\Runtime\Cache\Admin\b595b808c2ebeeeb0478ffc30bb4e87a.php 第 126 行.
INFO: Run Behavior\ParseTemplateBehavior [ RunTime:0.027002s ]
INFO: [ view_parse ] --END-- [ RunTime:0.027002s ]
INFO: [ view_filter ] --START--
INFO: Run Behavior\WriteHtmlCacheBehavior [ RunTime:0.002000s ]
INFO: [ view_filter ] --END-- [ RunTime:0.002000s ]
INFO: [ app_end ] --START--
INFO: Run Behavior\ShowPageTraceBehavior [ RunTime:0.001000s ]
INFO: [ app_end ] --END-- [ RunTime:0.001000s ]

